<?xml version="1.0" encoding="UTF-8"?>
<Site BuildName="(empty)"
	BuildStamp="20250307-1310-Experimental"
	Name="(empty)"
	Generator="ctest-3.28.3"
	CompilerName=""
	CompilerVersion=""
	OSName="Linux"
	Hostname="laptop"
	OSRelease="6.8.0-55-generic"
	OSVersion="#57-Ubuntu SMP PREEMPT_DYNAMIC Wed Feb 12 23:42:21 UTC 2025"
	OSPlatform="x86_64"
	Is64Bits="1"
	VendorString="AuthenticAMD"
	VendorID="Advanced Micro Devices"
	FamilyID="23"
	ModelID="104"
	ProcessorCacheSize="512"
	NumberOfLogicalCPU="16"
	NumberOfPhysicalCPU="8"
	TotalVirtualMemory="2047"
	TotalPhysicalMemory="17826"
	LogicalProcessorsPerPhysical="2"
	ProcessorClockFrequency="2684.3"
	>
	<Testing>
		<StartDateTime>Mar 07 14:33 CET</StartDateTime>
		<StartTestTime>1741354414</StartTestTime>
		<TestList/>
		<EndDateTime>Mar 07 14:33 CET</EndDateTime>
		<EndTestTime>1741354415</EndTestTime>
		<ElapsedMinutes>0</ElapsedMinutes>
	</Testing>
</Site>
